<?xml version="1.0" encoding="UTF-8"?>
<testsuite xmlns:xsi="http://www.w3.org/2001/XMLSchema-instance" xsi:noNamespaceSchemaLocation="https://maven.apache.org/surefire/maven-surefire-plugin/xsd/surefire-test-report.xsd" version="3.0.2" name="pe.edu.vallegrande.beneficiary.BeneficiaryApplicationTests" time="3.401" tests="1" errors="0" skipped="0" failures="0">
  <properties>
[...]
</properties>
  <testcase name="contextLoads" classname="pe.edu.vallegrande.beneficiary.BeneficiaryApplicationTests" time="0.713">
    <system-out><![CDATA[23:26:06.938 [main] INFO org.springframework.test.context.support.AnnotationConfigContextLoaderUtils -- Could not detect default configuration classes for test class [pe.edu.vallegrande.beneficiary.BeneficiaryApplicationTests]: BeneficiaryApplicationTests does not declare any static, non-private, non-final, nested classes annotated with @Configuration.
23:26:07.038 [main] INFO org.springframework.boot.test.context.SpringBootTestContextBootstrapper -- Found @SpringBootConfiguration pe.edu.vallegrande.beneficiary.BeneficiaryApplication for test class pe.edu.vallegrande.beneficiary.BeneficiaryApplicationTests

  .   ____          _            __ _ _
 /\\ / ___'_ __ _ _(_)_ __  __ _ \ \ \ \
( ( )\___ | '_ | '_| | '_ \/ _` | \ \ \ \
 \\/  ___)| |_)| | | | | || (_| |  ) ) ) )
  '  |____| .__|_| |_|_| |_\__, | / / / /
 =========|_|==============|___/=/_/_/_/

 :: Spring Boot ::       (v3.5.0-SNAPSHOT)

2025-04-27T23:26:07.450-05:00  INFO 6812 --- [           main] p.e.v.b.BeneficiaryApplicationTests      : Starting BeneficiaryApplicationTests using Java 17.0.12 with PID 6812 (started by erick in D:\github\beneficiary)
2025-04-27T23:26:07.450-05:00  INFO 6812 --- [           main] p.e.v.b.BeneficiaryApplicationTests      : No active profile set, falling back to 1 default profile: "default"
2025-04-27T23:26:08.178-05:00  INFO 6812 --- [           main] .s.d.r.c.RepositoryConfigurationDelegate : Bootstrapping Spring Data R2DBC repositories in DEFAULT mode.
2025-04-27T23:26:08.288-05:00  INFO 6812 --- [           main] .s.d.r.c.RepositoryConfigurationDelegate : Finished Spring Data repository scanning in 104 ms. Found 3 R2DBC repository interfaces.
2025-04-27T23:26:09.308-05:00  INFO 6812 --- [           main] o.s.b.a.e.web.EndpointLinksResolver      : Exposing 1 endpoint beneath base path '/actuator'
2025-04-27T23:26:09.518-05:00  INFO 6812 --- [           main] p.e.v.b.BeneficiaryApplicationTests      : Started BeneficiaryApplicationTests in 2.33 seconds (process running for 3.167)
]]></system-out>
  </testcase>
</testsuite>